2022-04-05 14:26:29,334 - INFO: Loaded all extensions
2022-04-05 14:26:29,334 - INFO: logging in using static token
2022-04-05 14:26:29,987 - INFO: Shard ID None has sent the IDENTIFY payload.
2022-04-05 14:26:30,187 - INFO: Shard ID None has connected to Gateway: ["gateway-prd-main-9tph",{"micros":103423,"calls":["discord-sessions-blue-prd-2-52",{"micros":102532,"calls":["start_session",{"micros":56162,"calls":["discord-api-54484f6997-wmnhl",{"micros":51944,"calls":["get_user",{"micros":12987},"add_authorized_ip",{"micros":3498},"get_guilds",{"micros":8055},"coros_wait",{"micros":3}]}]},"guilds_connect",{"micros":1,"calls":[]},"presence_connect",{"micros":45749,"calls":[]}]}]}] (Session ID: f22fe5782abd3adfd6d1c4398dd1546e).
2022-04-05 14:26:32,201 - INFO: Mayushii ☆ (id: 479774802899501056) logged in !
2022-04-05 14:26:36,746 - ERROR: Exception on command '.youy':
	Command raised an exception: ValueError: too many values to unpack (expected 3)
2022-04-05 14:27:16,238 - INFO: Unloaded all extensions
2022-04-05 14:27:16,242 - INFO: Loaded all extensions
2022-04-05 14:27:20,525 - ERROR: Exception on command '.youy':
	Command raised an exception: ValueError: too many values to unpack (expected 3)
2022-04-05 14:27:31,734 - INFO: Unloaded all extensions
2022-04-05 14:27:31,738 - INFO: Loaded all extensions
2022-04-05 14:28:03,990 - INFO: Unloaded all extensions
2022-04-05 14:28:03,994 - INFO: Loaded all extensions
2022-04-05 14:28:27,340 - INFO: Unloaded all extensions
2022-04-05 14:28:27,344 - INFO: Loaded all extensions
2022-04-05 14:28:31,638 - INFO: >>>Called command 'youy'
2022-04-05 14:28:37,782 - INFO: Unloaded all extensions
2022-04-05 14:28:37,786 - INFO: Loaded all extensions
2022-04-05 14:28:39,318 - INFO: >>>Called command 'youy'
2022-04-05 14:28:42,908 - INFO: >>>Called command 'youy'
2022-04-05 14:28:46,076 - INFO: >>>Called command 'youy'
