


=========================================================================
dimanche 19 janvier 2020, 21:22:46 (UTC+0100)
Loaded events.py
Loaded regular.py
Loaded admin.py
Logged in as
Mayushii ☆
479774802899501056
Shutting down...


=========================================================================
dimanche 19 janvier 2020, 21:26:09 (UTC+0100)
Loaded events.py
Loaded regular.py
Loaded admin.py
Logged in as
Mayushii ☆
479774802899501056


=========================================================================
dimanche 19 janvier 2020, 21:45:58 (UTC+0100)
Loaded events.py
Loaded regular.py
Loaded admin.py
Logged in as
Mayushii ☆
479774802899501056
Logged in as
Mayushii ☆
479774802899501056
Logged in as
Mayushii ☆
479774802899501056
Logged in as
Mayushii ☆
479774802899501056
>>>Called command 'ping'
>>>Called command 'ping'
Logged in as
Mayushii ☆
479774802899501056
Logged in as
Mayushii ☆
479774802899501056
Logged in as
Mayushii ☆
479774802899501056
>>>Called command 'ping'
>>>Called command 'ping'
>>>Called command 'ping'
Logged in as
Mayushii ☆
479774802899501056
>>>Called command 'ping'
>>>Called command 'ping'
>>>Called command 'ping'
>>>Called command 'ping'


=========================================================================
mardi 21 janvier 2020, 23:57:36 (UTC+0100)
Loaded events.py
Loaded regular.py
Loaded admin.py
Logged in as
Mayushii ☆
479774802899501056
COMMAND INVOKE ERROR
